# JRE version: 7.0_25-b30
# Java VM: OpenJDK Client VM (23.7-b01 mixed mode, sharing linux-x86 )
Heap
 def new generation   total 38080K, used 9878K [0x62a00000, 0x65350000, 0x6d4a0000)
  eden space 33856K,  25% used [0x62a00000, 0x63244300, 0x64b10000)
  from space 4224K,  33% used [0x64f30000, 0x65091820, 0x65350000)
  to   space 4224K,   0% used [0x64b10000, 0x64b10000, 0x64f30000)
 tenured generation   total 84408K, used 67120K [0x6d4a0000, 0x7270e000, 0x82a00000)
   the space 84408K,  79% used [0x6d4a0000, 0x7162c378, 0x7162c400, 0x7270e000)
 compacting perm gen  total 54528K, used 54386K [0x82a00000, 0x85f40000, 0x92a00000)
   the space 54528K,  99% used [0x82a00000, 0x85f1c820, 0x85f1ca00, 0x85f40000)
    ro space 10240K,  60% used [0x92a00000, 0x9300c968, 0x9300ca00, 0x93400000)
    rw space 12288K,  61% used [0x93400000, 0x93b662d8, 0x93b66400, 0x94000000)
GC Heap History (10 events):
Event: 92,710 GC heap before
{Heap before GC invocations=184 (full 10):
 def new generation   total 38080K, used 34981K [0x62a00000, 0x65350000, 0x6d4a0000)
  eden space 33856K, 100% used [0x62a00000, 0x64b10000, 0x64b10000)
  from space 4224K,  26% used [0x64b10000, 0x64c29760, 0x64f30000)
  to   space 4224K,   0% used [0x64f30000, 0x64f30000, 0x65350000)
 tenured generation   total 84408K, used 67120K [0x6d4a0000, 0x7270e000, 0x82a00000)
   the space 84408K,  79% used [0x6d4a0000, 0x7162c378, 0x7162c400, 0x7270e000)
 compacting perm gen  total 53760K, used 53619K [0x82a00000, 0x85e80000, 0x92a00000)
   the space 53760K,  99% used [0x82a00000, 0x85e5ce58, 0x85e5d000, 0x85e80000)
    ro space 10240K,  60% used [0x92a00000, 0x9300c968, 0x9300ca00, 0x93400000)
    rw space 12288K,  61% used [0x93400000, 0x93b662d8, 0x93b66400, 0x94000000)
Event: 92,718 GC heap after
Heap after GC invocations=185 (full 10):
 def new generation   total 38080K, used 1125K [0x62a00000, 0x65350000, 0x6d4a0000)
  eden space 33856K,   0% used [0x62a00000, 0x62a00000, 0x64b10000)
  from space 4224K,  26% used [0x64f30000, 0x65049418, 0x65350000)
  to   space 4224K,   0% used [0x64b10000, 0x64b10000, 0x64f30000)
 tenured generation   total 84408K, used 67120K [0x6d4a0000, 0x7270e000, 0x82a00000)
   the space 84408K,  79% used [0x6d4a0000, 0x7162c378, 0x7162c400, 0x7270e000)
 compacting perm gen  total 53760K, used 53619K [0x82a00000, 0x85e80000, 0x92a00000)
   the space 53760K,  99% used [0x82a00000, 0x85e5ce58, 0x85e5d000, 0x85e80000)
    ro space 10240K,  60% used [0x92a00000, 0x9300c968, 0x9300ca00, 0x93400000)
    rw space 12288K,  61% used [0x93400000, 0x93b662d8, 0x93b66400, 0x94000000)
}
Event: 93,396 GC heap before
{Heap before GC invocations=185 (full 10):
 def new generation   total 38080K, used 34981K [0x62a00000, 0x65350000, 0x6d4a0000)
  eden space 33856K, 100% used [0x62a00000, 0x64b10000, 0x64b10000)
  from space 4224K,  26% used [0x64f30000, 0x65049418, 0x65350000)
  to   space 4224K,   0% used [0x64b10000, 0x64b10000, 0x64f30000)
 tenured generation   total 84408K, used 67120K [0x6d4a0000, 0x7270e000, 0x82a00000)
   the space 84408K,  79% used [0x6d4a0000, 0x7162c378, 0x7162c400, 0x7270e000)
 compacting perm gen  total 53760K, used 53619K [0x82a00000, 0x85e80000, 0x92a00000)
   the space 53760K,  99% used [0x82a00000, 0x85e5ce78, 0x85e5d000, 0x85e80000)
    ro space 10240K,  60% used [0x92a00000, 0x9300c968, 0x9300ca00, 0x93400000)
    rw space 12288K,  61% used [0x93400000, 0x93b662d8, 0x93b66400, 0x94000000)
Event: 93,404 GC heap after
Heap after GC invocations=186 (full 10):
 def new generation   total 38080K, used 1125K [0x62a00000, 0x65350000, 0x6d4a0000)
  eden space 33856K,   0% used [0x62a00000, 0x62a00000, 0x64b10000)
  from space 4224K,  26% used [0x64b10000, 0x64c29498, 0x64f30000)
  to   space 4224K,   0% used [0x64f30000, 0x64f30000, 0x65350000)
 tenured generation   total 84408K, used 67120K [0x6d4a0000, 0x7270e000, 0x82a00000)
   the space 84408K,  79% used [0x6d4a0000, 0x7162c378, 0x7162c400, 0x7270e000)
 compacting perm gen  total 53760K, used 53619K [0x82a00000, 0x85e80000, 0x92a00000)
   the space 53760K,  99% used [0x82a00000, 0x85e5ce78, 0x85e5d000, 0x85e80000)
    ro space 10240K,  60% used [0x92a00000, 0x9300c968, 0x9300ca00, 0x93400000)
    rw space 12288K,  61% used [0x93400000, 0x93b662d8, 0x93b66400, 0x94000000)
}
Event: 94,130 GC heap before
{Heap before GC invocations=186 (full 10):
 def new generation   total 38080K, used 34981K [0x62a00000, 0x65350000, 0x6d4a0000)
  eden space 33856K, 100% used [0x62a00000, 0x64b10000, 0x64b10000)
  from space 4224K,  26% used [0x64b10000, 0x64c29498, 0x64f30000)
  to   space 4224K,   0% used [0x64f30000, 0x64f30000, 0x65350000)
 tenured generation   total 84408K, used 67120K [0x6d4a0000, 0x7270e000, 0x82a00000)
   the space 84408K,  79% used [0x6d4a0000, 0x7162c378, 0x7162c400, 0x7270e000)
 compacting perm gen  total 53760K, used 53619K [0x82a00000, 0x85e80000, 0x92a00000)
   the space 53760K,  99% used [0x82a00000, 0x85e5cea8, 0x85e5d000, 0x85e80000)
    ro space 10240K,  60% used [0x92a00000, 0x9300c968, 0x9300ca00, 0x93400000)
    rw space 12288K,  61% used [0x93400000, 0x93b662d8, 0x93b66400, 0x94000000)
Event: 94,138 GC heap after
Heap after GC invocations=187 (full 10):
 def new generation   total 38080K, used 1125K [0x62a00000, 0x65350000, 0x6d4a0000)
  eden space 33856K,   0% used [0x62a00000, 0x62a00000, 0x64b10000)
  from space 4224K,  26% used [0x64f30000, 0x650496d8, 0x65350000)
  to   space 4224K,   0% used [0x64b10000, 0x64b10000, 0x64f30000)
 tenured generation   total 84408K, used 67120K [0x6d4a0000, 0x7270e000, 0x82a00000)
   the space 84408K,  79% used [0x6d4a0000, 0x7162c378, 0x7162c400, 0x7270e000)
 compacting perm gen  total 53760K, used 53619K [0x82a00000, 0x85e80000, 0x92a00000)
   the space 53760K,  99% used [0x82a00000, 0x85e5cea8, 0x85e5d000, 0x85e80000)
    ro space 10240K,  60% used [0x92a00000, 0x9300c968, 0x9300ca00, 0x93400000)
    rw space 12288K,  61% used [0x93400000, 0x93b662d8, 0x93b66400, 0x94000000)
}
Event: 94,831 GC heap before
{Heap before GC invocations=187 (full 10):
 def new generation   total 38080K, used 34981K [0x62a00000, 0x65350000, 0x6d4a0000)
  eden space 33856K, 100% used [0x62a00000, 0x64b10000, 0x64b10000)
  from space 4224K,  26% used [0x64f30000, 0x650496d8, 0x65350000)
  to   space 4224K,   0% used [0x64b10000, 0x64b10000, 0x64f30000)
 tenured generation   total 84408K, used 67120K [0x6d4a0000, 0x7270e000, 0x82a00000)
   the space 84408K,  79% used [0x6d4a0000, 0x7162c378, 0x7162c400, 0x7270e000)
 compacting perm gen  total 53760K, used 53619K [0x82a00000, 0x85e80000, 0x92a00000)
   the space 53760K,  99% used [0x82a00000, 0x85e5cea8, 0x85e5d000, 0x85e80000)
    ro space 10240K,  60% used [0x92a00000, 0x9300c968, 0x9300ca00, 0x93400000)
    rw space 12288K,  61% used [0x93400000, 0x93b662d8, 0x93b66400, 0x94000000)
Event: 94,839 GC heap after
Heap after GC invocations=188 (full 10):
 def new generation   total 38080K, used 1125K [0x62a00000, 0x65350000, 0x6d4a0000)
  eden space 33856K,   0% used [0x62a00000, 0x62a00000, 0x64b10000)
  from space 4224K,  26% used [0x64b10000, 0x64c297c0, 0x64f30000)
  to   space 4224K,   0% used [0x64f30000, 0x64f30000, 0x65350000)
 tenured generation   total 84408K, used 67120K [0x6d4a0000, 0x7270e000, 0x82a00000)
   the space 84408K,  79% used [0x6d4a0000, 0x7162c378, 0x7162c400, 0x7270e000)
 compacting perm gen  total 53760K, used 53619K [0x82a00000, 0x85e80000, 0x92a00000)
   the space 53760K,  99% used [0x82a00000, 0x85e5cea8, 0x85e5d000, 0x85e80000)
    ro space 10240K,  60% used [0x92a00000, 0x9300c968, 0x9300ca00, 0x93400000)
    rw space 12288K,  61% used [0x93400000, 0x93b662d8, 0x93b66400, 0x94000000)
}
Event: 95,553 GC heap before
{Heap before GC invocations=188 (full 10):
 def new generation   total 38080K, used 34981K [0x62a00000, 0x65350000, 0x6d4a0000)
  eden space 33856K, 100% used [0x62a00000, 0x64b10000, 0x64b10000)
  from space 4224K,  26% used [0x64b10000, 0x64c297c0, 0x64f30000)
  to   space 4224K,   0% used [0x64f30000, 0x64f30000, 0x65350000)
 tenured generation   total 84408K, used 67120K [0x6d4a0000, 0x7270e000, 0x82a00000)
   the space 84408K,  79% used [0x6d4a0000, 0x7162c378, 0x7162c400, 0x7270e000)
 compacting perm gen  total 53760K, used 53663K [0x82a00000, 0x85e80000, 0x92a00000)
   the space 53760K,  99% used [0x82a00000, 0x85e67ce0, 0x85e67e00, 0x85e80000)
    ro space 10240K,  60% used [0x92a00000, 0x9300c968, 0x9300ca00, 0x93400000)
    rw space 12288K,  61% used [0x93400000, 0x93b662d8, 0x93b66400, 0x94000000)
Event: 95,563 GC heap after
Heap after GC invocations=189 (full 10):
 def new generation   total 38080K, used 1414K [0x62a00000, 0x65350000, 0x6d4a0000)
  eden space 33856K,   0% used [0x62a00000, 0x62a00000, 0x64b10000)
  from space 4224K,  33% used [0x64f30000, 0x65091820, 0x65350000)
  to   space 4224K,   0% used [0x64b10000, 0x64b10000, 0x64f30000)
 tenured generation   total 84408K, used 67120K [0x6d4a0000, 0x7270e000, 0x82a00000)
   the space 84408K,  79% used [0x6d4a0000, 0x7162c378, 0x7162c400, 0x7270e000)
 compacting perm gen  total 53760K, used 53663K [0x82a00000, 0x85e80000, 0x92a00000)
   the space 53760K,  99% used [0x82a00000, 0x85e67ce0, 0x85e67e00, 0x85e80000)
    ro space 10240K,  60% used [0x92a00000, 0x9300c968, 0x9300ca00, 0x93400000)
    rw space 12288K,  61% used [0x93400000, 0x93b662d8, 0x93b66400, 0x94000000)
}

